<?xml version="1.0" encoding="utf-8" ?>
<!DOCTYPE html PUBLIC "-//W3C//DTD XHTML 1.0 Strict//EN"
        "http://www.w3.org/TR/xhtml1/DTD/xhtml1-strict.dtd">
<html xmlns="http://www.w3.org/1999/xhtml" xml:lang="" lang="">
<head>
  <title>OfferCloud Selenium Test Report - OfferCloud Tests</title>
  <meta http-equiv="Content-Type" content="text/html;charset=utf-8" />
  <meta name="description" content="TestNG unit test results." />
  <link href="reportng.css" rel="stylesheet" type="text/css" />
    <script type="text/javascript" src="reportng.js"></script>
</head>
<body>
<h1>OfferCloud Tests</h1>
<p>
  Test duration: 50.404s
</p>

  <table class="resultsTable configTable">
    <tr><th colspan="3" class="header failedConfig">Failed Configuration</th></tr>
              <tr class="group">
        <td colspan="3">com.offercloud.selenium.tests.SampleSeleniumTest</td>
      </tr>
            
<tr>
  <td class="method">
          tearDown
      </td>
  <td class="duration">
    0.000s
  </td>
  <td class="result">
        
    
        

        <a href="javascript:toggleElement('exception-0', 'block')" title="Click to expand/collapse"><b>org.openqa.selenium.remote.UnreachableBrowserException: Error communicating with the remote browser. It may have died.<br/>
Build info: version: &apos;2.25.0&apos;, revision: &apos;17482&apos;, time: &apos;2012-07-18 21:08:56&apos;<br/>
System info: os.name: &apos;Windows Vista&apos;, os.arch: &apos;x86&apos;, os.version: &apos;6.0&apos;, java.version: &apos;1.7.0_09&apos;<br/>
Driver info: driver.version: RemoteWebDriver</b></a><br />
    <div class="stackTrace" id="exception-0">
              org.openqa.selenium.remote.RemoteWebDriver.execute(RemoteWebDriver.java:493)<br />
              org.openqa.selenium.remote.RemoteWebDriver.execute(RemoteWebDriver.java:502)<br />
              org.openqa.selenium.remote.RemoteWebDriver.close(RemoteWebDriver.java:367)<br />
              com.offercloud.selenium.tests.SampleSeleniumTest.tearDown(SampleSeleniumTest.java:47)<br />
              sun.reflect.NativeMethodAccessorImpl.invoke0(Native Method)<br />
              sun.reflect.NativeMethodAccessorImpl.invoke(Unknown Source)<br />
              sun.reflect.DelegatingMethodAccessorImpl.invoke(Unknown Source)<br />
              java.lang.reflect.Method.invoke(Unknown Source)<br />
              org.testng.internal.MethodInvocationHelper.invokeMethod(MethodInvocationHelper.java:76)<br />
              org.testng.internal.Invoker.invokeConfigurationMethod(Invoker.java:525)<br />
              org.testng.internal.Invoker.invokeConfigurations(Invoker.java:202)<br />
              org.testng.internal.Invoker.invokeConfigurations(Invoker.java:130)<br />
              org.testng.internal.TestMethodWorker.invokeAfterClassMethods(TestMethodWorker.java:222)<br />
              org.testng.internal.TestMethodWorker.run(TestMethodWorker.java:112)<br />
              org.testng.TestRunner.runWorkers(TestRunner.java:1147)<br />
              org.testng.TestRunner.privateRun(TestRunner.java:749)<br />
              org.testng.TestRunner.run(TestRunner.java:600)<br />
              org.testng.SuiteRunner.runTest(SuiteRunner.java:317)<br />
              org.testng.SuiteRunner.runSequentially(SuiteRunner.java:312)<br />
              org.testng.SuiteRunner.privateRun(SuiteRunner.java:274)<br />
              org.testng.SuiteRunner.run(SuiteRunner.java:223)<br />
              org.testng.SuiteRunnerWorker.runSuite(SuiteRunnerWorker.java:52)<br />
              org.testng.SuiteRunnerWorker.run(SuiteRunnerWorker.java:86)<br />
              org.testng.TestNG.runSuitesSequentially(TestNG.java:1039)<br />
              org.testng.TestNG.runSuitesLocally(TestNG.java:964)<br />
              org.testng.TestNG.run(TestNG.java:900)<br />
              org.testng.TestNG.privateMain(TestNG.java:1182)<br />
              org.testng.TestNG.main(TestNG.java:1146)<br />
                    <b>Caused by: </b> <a href="javascript:toggleElement('exception-1', 'block')" title="Click to expand/collapse">org.apache.http.conn.HttpHostConnectException: Connection to http://127.0.0.1:7055 refused</a><br />
        <div class="stackTrace" id="exception-1">
                      org.apache.http.impl.conn.DefaultClientConnectionOperator.openConnection(DefaultClientConnectionOperator.java:158)<br />
                      org.apache.http.impl.conn.AbstractPoolEntry.open(AbstractPoolEntry.java:150)<br />
                      org.apache.http.impl.conn.AbstractPooledConnAdapter.open(AbstractPooledConnAdapter.java:121)<br />
                      org.apache.http.impl.client.DefaultRequestDirector.tryConnect(DefaultRequestDirector.java:575)<br />
                      org.apache.http.impl.client.DefaultRequestDirector.execute(DefaultRequestDirector.java:425)<br />
                      org.apache.http.impl.client.AbstractHttpClient.execute(AbstractHttpClient.java:820)<br />
                      org.openqa.selenium.remote.HttpCommandExecutor.fallBackExecute(HttpCommandExecutor.java:319)<br />
                      org.openqa.selenium.remote.HttpCommandExecutor.execute(HttpCommandExecutor.java:297)<br />
                      org.openqa.selenium.firefox.internal.NewProfileExtensionConnection.execute(NewProfileExtensionConnection.java:136)<br />
                      org.openqa.selenium.firefox.FirefoxDriver$LazyCommandExecutor.execute(FirefoxDriver.java:357)<br />
                      org.openqa.selenium.remote.RemoteWebDriver.execute(RemoteWebDriver.java:472)<br />
                      org.openqa.selenium.remote.RemoteWebDriver.execute(RemoteWebDriver.java:502)<br />
                      org.openqa.selenium.remote.RemoteWebDriver.close(RemoteWebDriver.java:367)<br />
                      com.offercloud.selenium.tests.SampleSeleniumTest.tearDown(SampleSeleniumTest.java:47)<br />
                      sun.reflect.NativeMethodAccessorImpl.invoke0(Native Method)<br />
                      sun.reflect.NativeMethodAccessorImpl.invoke(Unknown Source)<br />
                      sun.reflect.DelegatingMethodAccessorImpl.invoke(Unknown Source)<br />
                      java.lang.reflect.Method.invoke(Unknown Source)<br />
                      org.testng.internal.MethodInvocationHelper.invokeMethod(MethodInvocationHelper.java:76)<br />
                      org.testng.internal.Invoker.invokeConfigurationMethod(Invoker.java:525)<br />
                      org.testng.internal.Invoker.invokeConfigurations(Invoker.java:202)<br />
                      org.testng.internal.Invoker.invokeConfigurations(Invoker.java:130)<br />
                      org.testng.internal.TestMethodWorker.invokeAfterClassMethods(TestMethodWorker.java:222)<br />
                      org.testng.internal.TestMethodWorker.run(TestMethodWorker.java:112)<br />
                      org.testng.TestRunner.runWorkers(TestRunner.java:1147)<br />
                      org.testng.TestRunner.privateRun(TestRunner.java:749)<br />
                      org.testng.TestRunner.run(TestRunner.java:600)<br />
                      org.testng.SuiteRunner.runTest(SuiteRunner.java:317)<br />
                      org.testng.SuiteRunner.runSequentially(SuiteRunner.java:312)<br />
                      org.testng.SuiteRunner.privateRun(SuiteRunner.java:274)<br />
                      org.testng.SuiteRunner.run(SuiteRunner.java:223)<br />
                      org.testng.SuiteRunnerWorker.runSuite(SuiteRunnerWorker.java:52)<br />
                      org.testng.SuiteRunnerWorker.run(SuiteRunnerWorker.java:86)<br />
                      org.testng.TestNG.runSuitesSequentially(TestNG.java:1039)<br />
                      org.testng.TestNG.runSuitesLocally(TestNG.java:964)<br />
                      org.testng.TestNG.run(TestNG.java:900)<br />
                      org.testng.TestNG.privateMain(TestNG.java:1182)<br />
                      org.testng.TestNG.main(TestNG.java:1146)<br />
                  </div>
              <b>Caused by: </b> <a href="javascript:toggleElement('exception-2', 'block')" title="Click to expand/collapse">java.net.ConnectException: Connection refused: connect</a><br />
        <div class="stackTrace" id="exception-2">
                      java.net.DualStackPlainSocketImpl.waitForConnect(Native Method)<br />
                      java.net.DualStackPlainSocketImpl.socketConnect(Unknown Source)<br />
                      java.net.AbstractPlainSocketImpl.doConnect(Unknown Source)<br />
                      java.net.AbstractPlainSocketImpl.connectToAddress(Unknown Source)<br />
                      java.net.AbstractPlainSocketImpl.connect(Unknown Source)<br />
                      java.net.PlainSocketImpl.connect(Unknown Source)<br />
                      java.net.SocksSocketImpl.connect(Unknown Source)<br />
                      java.net.Socket.connect(Unknown Source)<br />
                      org.apache.http.conn.scheme.PlainSocketFactory.connectSocket(PlainSocketFactory.java:123)<br />
                      org.apache.http.impl.conn.DefaultClientConnectionOperator.openConnection(DefaultClientConnectionOperator.java:148)<br />
                      org.apache.http.impl.conn.AbstractPoolEntry.open(AbstractPoolEntry.java:150)<br />
                      org.apache.http.impl.conn.AbstractPooledConnAdapter.open(AbstractPooledConnAdapter.java:121)<br />
                      org.apache.http.impl.client.DefaultRequestDirector.tryConnect(DefaultRequestDirector.java:575)<br />
                      org.apache.http.impl.client.DefaultRequestDirector.execute(DefaultRequestDirector.java:425)<br />
                      org.apache.http.impl.client.AbstractHttpClient.execute(AbstractHttpClient.java:820)<br />
                      org.openqa.selenium.remote.HttpCommandExecutor.fallBackExecute(HttpCommandExecutor.java:319)<br />
                      org.openqa.selenium.remote.HttpCommandExecutor.execute(HttpCommandExecutor.java:297)<br />
                      org.openqa.selenium.firefox.internal.NewProfileExtensionConnection.execute(NewProfileExtensionConnection.java:136)<br />
                      org.openqa.selenium.firefox.FirefoxDriver$LazyCommandExecutor.execute(FirefoxDriver.java:357)<br />
                      org.openqa.selenium.remote.RemoteWebDriver.execute(RemoteWebDriver.java:472)<br />
                      org.openqa.selenium.remote.RemoteWebDriver.execute(RemoteWebDriver.java:502)<br />
                      org.openqa.selenium.remote.RemoteWebDriver.close(RemoteWebDriver.java:367)<br />
                      com.offercloud.selenium.tests.SampleSeleniumTest.tearDown(SampleSeleniumTest.java:47)<br />
                      sun.reflect.NativeMethodAccessorImpl.invoke0(Native Method)<br />
                      sun.reflect.NativeMethodAccessorImpl.invoke(Unknown Source)<br />
                      sun.reflect.DelegatingMethodAccessorImpl.invoke(Unknown Source)<br />
                      java.lang.reflect.Method.invoke(Unknown Source)<br />
                      org.testng.internal.MethodInvocationHelper.invokeMethod(MethodInvocationHelper.java:76)<br />
                      org.testng.internal.Invoker.invokeConfigurationMethod(Invoker.java:525)<br />
                      org.testng.internal.Invoker.invokeConfigurations(Invoker.java:202)<br />
                      org.testng.internal.Invoker.invokeConfigurations(Invoker.java:130)<br />
                      org.testng.internal.TestMethodWorker.invokeAfterClassMethods(TestMethodWorker.java:222)<br />
                      org.testng.internal.TestMethodWorker.run(TestMethodWorker.java:112)<br />
                      org.testng.TestRunner.runWorkers(TestRunner.java:1147)<br />
                      org.testng.TestRunner.privateRun(TestRunner.java:749)<br />
                      org.testng.TestRunner.run(TestRunner.java:600)<br />
                      org.testng.SuiteRunner.runTest(SuiteRunner.java:317)<br />
                      org.testng.SuiteRunner.runSequentially(SuiteRunner.java:312)<br />
                      org.testng.SuiteRunner.privateRun(SuiteRunner.java:274)<br />
                      org.testng.SuiteRunner.run(SuiteRunner.java:223)<br />
                      org.testng.SuiteRunnerWorker.runSuite(SuiteRunnerWorker.java:52)<br />
                      org.testng.SuiteRunnerWorker.run(SuiteRunnerWorker.java:86)<br />
                      org.testng.TestNG.runSuitesSequentially(TestNG.java:1039)<br />
                      org.testng.TestNG.runSuitesLocally(TestNG.java:964)<br />
                      org.testng.TestNG.run(TestNG.java:900)<br />
                      org.testng.TestNG.privateMain(TestNG.java:1182)<br />
                      org.testng.TestNG.main(TestNG.java:1146)<br />
                  </div>
          </div>
      </td>
</tr>
    
      </table>


  <table class="resultsTable">
    <tr><th colspan="3" class="header failed">Failed Tests</th></tr>
          <tr>
        <td colspan="3" class="group">com.offercloud.selenium.tests.SampleSeleniumTest</td>
      </tr>
            
<tr>
  <td class="method">
          <span class="description" title="Check the login functionality">SampleSeleniumTest_1</span>
      </td>
  <td class="duration">
    34.995s
  </td>
  <td class="result">
        
    
        

        <a href="javascript:toggleElement('exception-3', 'block')" title="Click to expand/collapse"><b>org.openqa.selenium.remote.UnreachableBrowserException: Error communicating with the remote browser. It may have died.<br/>
Build info: version: &apos;2.25.0&apos;, revision: &apos;17482&apos;, time: &apos;2012-07-18 21:08:56&apos;<br/>
System info: os.name: &apos;Windows Vista&apos;, os.arch: &apos;x86&apos;, os.version: &apos;6.0&apos;, java.version: &apos;1.7.0_09&apos;<br/>
Driver info: driver.version: RemoteWebDriver</b></a><br />
    <div class="stackTrace" id="exception-3">
              org.openqa.selenium.remote.RemoteWebDriver.execute(RemoteWebDriver.java:493)<br />
              org.openqa.selenium.remote.RemoteWebDriver.get(RemoteWebDriver.java:242)<br />
              com.offercloud.selenium.tests.SampleSeleniumTest.SampleSeleniumTest_1(SampleSeleniumTest.java:32)<br />
              sun.reflect.NativeMethodAccessorImpl.invoke0(Native Method)<br />
              sun.reflect.NativeMethodAccessorImpl.invoke(Unknown Source)<br />
              sun.reflect.DelegatingMethodAccessorImpl.invoke(Unknown Source)<br />
              java.lang.reflect.Method.invoke(Unknown Source)<br />
              org.testng.internal.MethodInvocationHelper.invokeMethod(MethodInvocationHelper.java:76)<br />
              org.testng.internal.Invoker.invokeMethod(Invoker.java:673)<br />
              org.testng.internal.Invoker.invokeTestMethod(Invoker.java:846)<br />
              org.testng.internal.Invoker.invokeTestMethods(Invoker.java:1170)<br />
              org.testng.internal.TestMethodWorker.invokeTestMethods(TestMethodWorker.java:125)<br />
              org.testng.internal.TestMethodWorker.run(TestMethodWorker.java:109)<br />
              org.testng.TestRunner.runWorkers(TestRunner.java:1147)<br />
              org.testng.TestRunner.privateRun(TestRunner.java:749)<br />
              org.testng.TestRunner.run(TestRunner.java:600)<br />
              org.testng.SuiteRunner.runTest(SuiteRunner.java:317)<br />
              org.testng.SuiteRunner.runSequentially(SuiteRunner.java:312)<br />
              org.testng.SuiteRunner.privateRun(SuiteRunner.java:274)<br />
              org.testng.SuiteRunner.run(SuiteRunner.java:223)<br />
              org.testng.SuiteRunnerWorker.runSuite(SuiteRunnerWorker.java:52)<br />
              org.testng.SuiteRunnerWorker.run(SuiteRunnerWorker.java:86)<br />
              org.testng.TestNG.runSuitesSequentially(TestNG.java:1039)<br />
              org.testng.TestNG.runSuitesLocally(TestNG.java:964)<br />
              org.testng.TestNG.run(TestNG.java:900)<br />
              org.testng.TestNG.privateMain(TestNG.java:1182)<br />
              org.testng.TestNG.main(TestNG.java:1146)<br />
                    <b>Caused by: </b> <a href="javascript:toggleElement('exception-4', 'block')" title="Click to expand/collapse">org.apache.http.conn.HttpHostConnectException: Connection to http://127.0.0.1:7055 refused</a><br />
        <div class="stackTrace" id="exception-4">
                      org.apache.http.impl.conn.DefaultClientConnectionOperator.openConnection(DefaultClientConnectionOperator.java:158)<br />
                      org.apache.http.impl.conn.AbstractPoolEntry.open(AbstractPoolEntry.java:150)<br />
                      org.apache.http.impl.conn.AbstractPooledConnAdapter.open(AbstractPooledConnAdapter.java:121)<br />
                      org.apache.http.impl.client.DefaultRequestDirector.tryConnect(DefaultRequestDirector.java:575)<br />
                      org.apache.http.impl.client.DefaultRequestDirector.execute(DefaultRequestDirector.java:425)<br />
                      org.apache.http.impl.client.AbstractHttpClient.execute(AbstractHttpClient.java:820)<br />
                      org.openqa.selenium.remote.HttpCommandExecutor.fallBackExecute(HttpCommandExecutor.java:337)<br />
                      org.openqa.selenium.remote.HttpCommandExecutor.execute(HttpCommandExecutor.java:297)<br />
                      org.openqa.selenium.firefox.internal.NewProfileExtensionConnection.execute(NewProfileExtensionConnection.java:136)<br />
                      org.openqa.selenium.firefox.FirefoxDriver$LazyCommandExecutor.execute(FirefoxDriver.java:357)<br />
                      org.openqa.selenium.remote.RemoteWebDriver.execute(RemoteWebDriver.java:472)<br />
                      org.openqa.selenium.remote.RemoteWebDriver.get(RemoteWebDriver.java:242)<br />
                      com.offercloud.selenium.tests.SampleSeleniumTest.SampleSeleniumTest_1(SampleSeleniumTest.java:32)<br />
                      sun.reflect.NativeMethodAccessorImpl.invoke0(Native Method)<br />
                      sun.reflect.NativeMethodAccessorImpl.invoke(Unknown Source)<br />
                      sun.reflect.DelegatingMethodAccessorImpl.invoke(Unknown Source)<br />
                      java.lang.reflect.Method.invoke(Unknown Source)<br />
                      org.testng.internal.MethodInvocationHelper.invokeMethod(MethodInvocationHelper.java:76)<br />
                      org.testng.internal.Invoker.invokeMethod(Invoker.java:673)<br />
                      org.testng.internal.Invoker.invokeTestMethod(Invoker.java:846)<br />
                      org.testng.internal.Invoker.invokeTestMethods(Invoker.java:1170)<br />
                      org.testng.internal.TestMethodWorker.invokeTestMethods(TestMethodWorker.java:125)<br />
                      org.testng.internal.TestMethodWorker.run(TestMethodWorker.java:109)<br />
                      org.testng.TestRunner.runWorkers(TestRunner.java:1147)<br />
                      org.testng.TestRunner.privateRun(TestRunner.java:749)<br />
                      org.testng.TestRunner.run(TestRunner.java:600)<br />
                      org.testng.SuiteRunner.runTest(SuiteRunner.java:317)<br />
                      org.testng.SuiteRunner.runSequentially(SuiteRunner.java:312)<br />
                      org.testng.SuiteRunner.privateRun(SuiteRunner.java:274)<br />
                      org.testng.SuiteRunner.run(SuiteRunner.java:223)<br />
                      org.testng.SuiteRunnerWorker.runSuite(SuiteRunnerWorker.java:52)<br />
                      org.testng.SuiteRunnerWorker.run(SuiteRunnerWorker.java:86)<br />
                      org.testng.TestNG.runSuitesSequentially(TestNG.java:1039)<br />
                      org.testng.TestNG.runSuitesLocally(TestNG.java:964)<br />
                      org.testng.TestNG.run(TestNG.java:900)<br />
                      org.testng.TestNG.privateMain(TestNG.java:1182)<br />
                      org.testng.TestNG.main(TestNG.java:1146)<br />
                  </div>
              <b>Caused by: </b> <a href="javascript:toggleElement('exception-5', 'block')" title="Click to expand/collapse">java.net.ConnectException: Connection refused: connect</a><br />
        <div class="stackTrace" id="exception-5">
                      java.net.DualStackPlainSocketImpl.waitForConnect(Native Method)<br />
                      java.net.DualStackPlainSocketImpl.socketConnect(Unknown Source)<br />
                      java.net.AbstractPlainSocketImpl.doConnect(Unknown Source)<br />
                      java.net.AbstractPlainSocketImpl.connectToAddress(Unknown Source)<br />
                      java.net.AbstractPlainSocketImpl.connect(Unknown Source)<br />
                      java.net.PlainSocketImpl.connect(Unknown Source)<br />
                      java.net.SocksSocketImpl.connect(Unknown Source)<br />
                      java.net.Socket.connect(Unknown Source)<br />
                      org.apache.http.conn.scheme.PlainSocketFactory.connectSocket(PlainSocketFactory.java:123)<br />
                      org.apache.http.impl.conn.DefaultClientConnectionOperator.openConnection(DefaultClientConnectionOperator.java:148)<br />
                      org.apache.http.impl.conn.AbstractPoolEntry.open(AbstractPoolEntry.java:150)<br />
                      org.apache.http.impl.conn.AbstractPooledConnAdapter.open(AbstractPooledConnAdapter.java:121)<br />
                      org.apache.http.impl.client.DefaultRequestDirector.tryConnect(DefaultRequestDirector.java:575)<br />
                      org.apache.http.impl.client.DefaultRequestDirector.execute(DefaultRequestDirector.java:425)<br />
                      org.apache.http.impl.client.AbstractHttpClient.execute(AbstractHttpClient.java:820)<br />
                      org.openqa.selenium.remote.HttpCommandExecutor.fallBackExecute(HttpCommandExecutor.java:337)<br />
                      org.openqa.selenium.remote.HttpCommandExecutor.execute(HttpCommandExecutor.java:297)<br />
                      org.openqa.selenium.firefox.internal.NewProfileExtensionConnection.execute(NewProfileExtensionConnection.java:136)<br />
                      org.openqa.selenium.firefox.FirefoxDriver$LazyCommandExecutor.execute(FirefoxDriver.java:357)<br />
                      org.openqa.selenium.remote.RemoteWebDriver.execute(RemoteWebDriver.java:472)<br />
                      org.openqa.selenium.remote.RemoteWebDriver.get(RemoteWebDriver.java:242)<br />
                      com.offercloud.selenium.tests.SampleSeleniumTest.SampleSeleniumTest_1(SampleSeleniumTest.java:32)<br />
                      sun.reflect.NativeMethodAccessorImpl.invoke0(Native Method)<br />
                      sun.reflect.NativeMethodAccessorImpl.invoke(Unknown Source)<br />
                      sun.reflect.DelegatingMethodAccessorImpl.invoke(Unknown Source)<br />
                      java.lang.reflect.Method.invoke(Unknown Source)<br />
                      org.testng.internal.MethodInvocationHelper.invokeMethod(MethodInvocationHelper.java:76)<br />
                      org.testng.internal.Invoker.invokeMethod(Invoker.java:673)<br />
                      org.testng.internal.Invoker.invokeTestMethod(Invoker.java:846)<br />
                      org.testng.internal.Invoker.invokeTestMethods(Invoker.java:1170)<br />
                      org.testng.internal.TestMethodWorker.invokeTestMethods(TestMethodWorker.java:125)<br />
                      org.testng.internal.TestMethodWorker.run(TestMethodWorker.java:109)<br />
                      org.testng.TestRunner.runWorkers(TestRunner.java:1147)<br />
                      org.testng.TestRunner.privateRun(TestRunner.java:749)<br />
                      org.testng.TestRunner.run(TestRunner.java:600)<br />
                      org.testng.SuiteRunner.runTest(SuiteRunner.java:317)<br />
                      org.testng.SuiteRunner.runSequentially(SuiteRunner.java:312)<br />
                      org.testng.SuiteRunner.privateRun(SuiteRunner.java:274)<br />
                      org.testng.SuiteRunner.run(SuiteRunner.java:223)<br />
                      org.testng.SuiteRunnerWorker.runSuite(SuiteRunnerWorker.java:52)<br />
                      org.testng.SuiteRunnerWorker.run(SuiteRunnerWorker.java:86)<br />
                      org.testng.TestNG.runSuitesSequentially(TestNG.java:1039)<br />
                      org.testng.TestNG.runSuitesLocally(TestNG.java:964)<br />
                      org.testng.TestNG.run(TestNG.java:900)<br />
                      org.testng.TestNG.privateMain(TestNG.java:1182)<br />
                      org.testng.TestNG.main(TestNG.java:1146)<br />
                  </div>
          </div>
      </td>
</tr>
      </table>


  
</body>
</html>
